0 info it worked if it ends with ok
1 verbose cli [ 'D:\\Program Files\\nodejs\\node.exe',
1 verbose cli   'D:\\Program Files\\nodejs\\node_modules\\npm\\bin\\npm-cli.js',
1 verbose cli   'start' ]
2 info using npm@3.10.10
3 info using node@v6.10.2
4 verbose run-script [ 'prestart', 'start', 'poststart' ]
5 info lifecycle mabble-blog@0.0.0~prestart: mabble-blog@0.0.0
6 silly lifecycle mabble-blog@0.0.0~prestart: no script for prestart, continuing
7 info lifecycle mabble-blog@0.0.0~start: mabble-blog@0.0.0
8 verbose lifecycle mabble-blog@0.0.0~start: unsafe-perm in lifecycle true
9 verbose lifecycle mabble-blog@0.0.0~start: PATH: D:\Program Files\nodejs\node_modules\npm\bin\node-gyp-bin;E:\php\demo\Uercal\Mabble_Blog\mabble\node_modules\.bin;C:\windows\system32;C:\windows;C:\windows\System32\Wbem;C:\windows\System32\WindowsPowerShell\v1.0\;E:\php\mysql\bin;C:\ProgramData\ComposerSetup\bin;C:\Program Files\TortoiseSVN\bin;C:\Program Files\Git\cmd;D:\Program Files\nodejs\;E:\php\php7;C:\Users\Administrator\AppData\Roaming\Composer\vendor\bin;C:\Users\Administrator\AppData\Roaming\npm;D:\Program Files (x86)\Microsoft VS Code\bin
10 verbose lifecycle mabble-blog@0.0.0~start: CWD: E:\php\demo\Uercal\Mabble_Blog\mabble
11 silly lifecycle mabble-blog@0.0.0~start: Args: [ '/d /s /c', 'supervisor ./bin/www' ]
12 silly lifecycle mabble-blog@0.0.0~start: Returned: code: 3221225786  signal: null
13 info lifecycle mabble-blog@0.0.0~start: Failed to exec start script
14 verbose stack Error: mabble-blog@0.0.0 start: `supervisor ./bin/www`
14 verbose stack Exit status 3221225786
14 verbose stack     at EventEmitter.<anonymous> (D:\Program Files\nodejs\node_modules\npm\lib\utils\lifecycle.js:255:16)
14 verbose stack     at emitTwo (events.js:106:13)
14 verbose stack     at EventEmitter.emit (events.js:191:7)
14 verbose stack     at ChildProcess.<anonymous> (D:\Program Files\nodejs\node_modules\npm\lib\utils\spawn.js:40:14)
14 verbose stack     at emitTwo (events.js:106:13)
14 verbose stack     at ChildProcess.emit (events.js:191:7)
14 verbose stack     at maybeClose (internal/child_process.js:886:16)
14 verbose stack     at Process.ChildProcess._handle.onexit (internal/child_process.js:226:5)
15 verbose pkgid mabble-blog@0.0.0
16 verbose cwd E:\php\demo\Uercal\Mabble_Blog\mabble
17 error Windows_NT 6.1.7601
18 error argv "D:\\Program Files\\nodejs\\node.exe" "D:\\Program Files\\nodejs\\node_modules\\npm\\bin\\npm-cli.js" "start"
19 error node v6.10.2
20 error npm  v3.10.10
21 error code ELIFECYCLE
22 error mabble-blog@0.0.0 start: `supervisor ./bin/www`
22 error Exit status 3221225786
23 error Failed at the mabble-blog@0.0.0 start script 'supervisor ./bin/www'.
23 error Make sure you have the latest version of node.js and npm installed.
23 error If you do, this is most likely a problem with the mabble-blog package,
23 error not with npm itself.
23 error Tell the author that this fails on your system:
23 error     supervisor ./bin/www
23 error You can get information on how to open an issue for this project with:
23 error     npm bugs mabble-blog
23 error Or if that isn't available, you can get their info via:
23 error     npm owner ls mabble-blog
23 error There is likely additional logging output above.
24 verbose exit [ 1, true ]
